INFO main org.apache.log4j.Logger - New driver instantiated
INFO main org.apache.log4j.Logger - MAC
INFO main org.apache.log4j.Logger - CHROME
INFO main org.apache.log4j.Logger - properties.properties is loaded.
INFO main org.apache.log4j.Logger - CHROMEdriver initialized with eventListeners
INFO main org.apache.log4j.Logger - 08S01
INFO main org.apache.log4j.Logger - The execution of testLanguageChange starts now
INFO main org.apache.log4j.Logger - Timed out after 5 seconds waiting for presence of element located by: By.cssSelector: meta[content='en-us']
Build info: version: '2.45.0', revision: '5017cb8e7ca8e37638dc3091b2440b90a1d8686f', time: '2015-02-27 09:10:26'
System info: host: 'igeorge.local', ip: '192.168.1.101', os.name: 'Mac OS X', os.arch: 'x86_64', os.version: '10.7.5', java.version: '1.8.0_45'
Driver info: org.openqa.selenium.support.events.EventFiringWebDriver
INFO main org.apache.log4j.Logger - Element found:By.id: headerButtonMenu
INFO main org.apache.log4j.Logger - Element clicked on:[[ChromeDriver: chrome on MAC (3ce6a040aa0329ae31a4bb0b3c74896a)] -> id: headerButtonMenu]
INFO main org.apache.log4j.Logger - Element found:By.id: menuTabs_settings
INFO main org.apache.log4j.Logger - Element clicked on:[[ChromeDriver: chrome on MAC (3ce6a040aa0329ae31a4bb0b3c74896a)] -> id: menuTabs_settings]
INFO main org.apache.log4j.Logger - Element found:By.id: menucat_settings_customerMenu
INFO main org.apache.log4j.Logger - Element found:By.id: menucat_settings_customerMenu
INFO main org.apache.log4j.Logger - Element found:By.id: menu
INFO main org.apache.log4j.Logger - Element found:By.tagName: a
INFO main org.apache.log4j.Logger - Script run: arguments[0].scrollIntoView(true);
INFO main org.apache.log4j.Logger - Script run: javascript:window.scrollBy(250,350)
INFO main org.apache.log4j.Logger - Element clicked on:[[[[ChromeDriver: chrome on MAC (3ce6a040aa0329ae31a4bb0b3c74896a)] -> id: menu]] -> tag name: a]
INFO main org.apache.log4j.Logger - Element found:By.id: langENG_theme
INFO main org.apache.log4j.Logger - Element clicked on:[[ChromeDriver: chrome on MAC (3ce6a040aa0329ae31a4bb0b3c74896a)] -> id: langENG_theme]
INFO main org.apache.log4j.Logger - Element found:By.cssSelector: div.form_buttons > button.button_submit
INFO main org.apache.log4j.Logger - Element clicked on:[[ChromeDriver: chrome on MAC (3ce6a040aa0329ae31a4bb0b3c74896a)] -> css selector: div.form_buttons > button.button_submit]
INFO main org.apache.log4j.Logger - Element found:By.cssSelector: div.form_buttons > button.button_submit
INFO main org.apache.log4j.Logger - Timed out after 5 seconds waiting for presence of element located by: By.cssSelector: meta[content='en-us']
Build info: version: '2.45.0', revision: '5017cb8e7ca8e37638dc3091b2440b90a1d8686f', time: '2015-02-27 09:10:26'
System info: host: 'igeorge.local', ip: '192.168.1.101', os.name: 'Mac OS X', os.arch: 'x86_64', os.version: '10.7.5', java.version: '1.8.0_45'
Driver info: org.openqa.selenium.support.events.EventFiringWebDriver
INFO main org.apache.log4j.Logger -  *** Capture files are created in /Users/georgegaspar/Documents/workspace/Selenium_Testlink/test-output/html/ScreenShots//
INFO main org.apache.log4j.Logger - Test Method resides in test.java.TestLanguage
INFO main org.apache.log4j.Logger - Test Method had the following parameters :  langENG_theme , en-us , 
INFO main org.apache.log4j.Logger - Test Status: Pass
INFO main org.apache.log4j.Logger - testLanguageChange test succeeded!
INFO main org.apache.log4j.Logger - Minden fasza
INFO main org.apache.log4j.Logger - Driver closed afterInvocation
INFO main org.apache.log4j.Logger - Completed executing test Language test
INFO main org.apache.log4j.Logger - New driver instantiated
INFO main org.apache.log4j.Logger - MAC
INFO main org.apache.log4j.Logger - *safari
INFO main org.apache.log4j.Logger - org.openqa.selenium.remote.UnreachableBrowserException: Failed to connect to SafariDriver after 10285 ms
Build info: version: '2.45.0', revision: '5017cb8e7ca8e37638dc3091b2440b90a1d8686f', time: '2015-02-27 09:10:26'
System info: host: 'igeorge.local', ip: '192.168.1.101', os.name: 'Mac OS X', os.arch: 'x86_64', os.version: '10.7.5', java.version: '1.8.0_45'
Driver info: driver.version: SafariDriver
INFO main org.apache.log4j.Logger - *safari is reconnecting!
INFO main org.apache.log4j.Logger - New driver instantiated
INFO main org.apache.log4j.Logger - MAC
INFO main org.apache.log4j.Logger - *safari
INFO main org.apache.log4j.Logger - Fuck
INFO main org.apache.log4j.Logger - The execution of testLanguageChange starts now
INFO main org.apache.log4j.Logger - Test Method resides in test.java.TestLanguage
INFO main org.apache.log4j.Logger - Test Status: Failed
INFO main org.apache.log4j.Logger - testLanguageChange test failed!
INFO main org.apache.log4j.Logger - Fuck
INFO main org.apache.log4j.Logger - Completed executing test Language test
INFO main org.apache.log4j.Logger - New driver instantiated
INFO main org.apache.log4j.Logger - MAC
INFO main org.apache.log4j.Logger - *safari
INFO main org.apache.log4j.Logger - org.openqa.selenium.remote.UnreachableBrowserException: Failed to connect to SafariDriver after 10133 ms
Build info: version: '2.45.0', revision: '5017cb8e7ca8e37638dc3091b2440b90a1d8686f', time: '2015-02-27 09:10:26'
System info: host: 'igeorge.local', ip: '192.168.1.101', os.name: 'Mac OS X', os.arch: 'x86_64', os.version: '10.7.5', java.version: '1.8.0_45'
Driver info: driver.version: SafariDriver
INFO main org.apache.log4j.Logger - *safari is reconnecting!
INFO main org.apache.log4j.Logger - New driver instantiated
INFO main org.apache.log4j.Logger - MAC
INFO main org.apache.log4j.Logger - *safari
INFO main org.apache.log4j.Logger - Fuck
INFO main org.apache.log4j.Logger - The execution of testLanguageChange starts now
INFO main org.apache.log4j.Logger - Test Method resides in test.java.TestLanguage
INFO main org.apache.log4j.Logger - Test Status: Failed
INFO main org.apache.log4j.Logger - testLanguageChange test failed!
INFO main org.apache.log4j.Logger - Fuck
INFO main org.apache.log4j.Logger - Completed executing test Language test
INFO main org.apache.log4j.Logger - New driver instantiated
INFO main org.apache.log4j.Logger - MAC
INFO main org.apache.log4j.Logger - *safari
INFO main org.apache.log4j.Logger - org.openqa.selenium.remote.UnreachableBrowserException: Failed to connect to SafariDriver after 10099 ms
Build info: version: '2.45.0', revision: '5017cb8e7ca8e37638dc3091b2440b90a1d8686f', time: '2015-02-27 09:10:26'
System info: host: 'igeorge.local', ip: '192.168.1.101', os.name: 'Mac OS X', os.arch: 'x86_64', os.version: '10.7.5', java.version: '1.8.0_45'
Driver info: driver.version: SafariDriver
INFO main org.apache.log4j.Logger - *safari is reconnecting!
INFO main org.apache.log4j.Logger - New driver instantiated
INFO main org.apache.log4j.Logger - MAC
INFO main org.apache.log4j.Logger - *safari
INFO main org.apache.log4j.Logger - Fuck
INFO main org.apache.log4j.Logger - The execution of testLanguageChange starts now
INFO main org.apache.log4j.Logger - Test Method resides in test.java.TestLanguage
INFO main org.apache.log4j.Logger - Test Status: Failed
INFO main org.apache.log4j.Logger - testLanguageChange test failed!
INFO main org.apache.log4j.Logger - Fuck
INFO main org.apache.log4j.Logger - Completed executing test Language test
INFO main org.apache.log4j.Logger - New driver instantiated
INFO main org.apache.log4j.Logger - MAC
INFO main org.apache.log4j.Logger - *safari
INFO main org.apache.log4j.Logger - *safaridriver initialized with eventListeners
INFO main org.apache.log4j.Logger - 08S01
INFO main org.apache.log4j.Logger - The execution of testLanguageChange starts now
INFO main org.apache.log4j.Logger - Timed out after 10 seconds waiting for presence of element located by: By.cssSelector: meta[content='en-us']
Build info: version: '2.45.0', revision: '5017cb8e7ca8e37638dc3091b2440b90a1d8686f', time: '2015-02-27 09:10:26'
System info: host: 'igeorge.local', ip: '192.168.1.101', os.name: 'Mac OS X', os.arch: 'x86_64', os.version: '10.7.5', java.version: '1.8.0_45'
Driver info: com.sun.proxy.$Proxy8
INFO main org.apache.log4j.Logger - Timed out after 5 seconds waiting for presence of element located by: By.cssSelector: meta[content='en-us']
Build info: version: '2.45.0', revision: '5017cb8e7ca8e37638dc3091b2440b90a1d8686f', time: '2015-02-27 09:10:26'
System info: host: 'igeorge.local', ip: '192.168.1.101', os.name: 'Mac OS X', os.arch: 'x86_64', os.version: '10.7.5', java.version: '1.8.0_45'
Driver info: org.openqa.selenium.support.events.EventFiringWebDriver
INFO main org.apache.log4j.Logger - Element found:By.id: headerButtonMenu
INFO main org.apache.log4j.Logger - Element clicked on:[[SafariDriver: safari on MAC (null)] -> id: headerButtonMenu]
INFO main org.apache.log4j.Logger - Element found:By.id: menuTabs_settings
INFO main org.apache.log4j.Logger - Element clicked on:[[SafariDriver: safari on MAC (null)] -> id: menuTabs_settings]
INFO main org.apache.log4j.Logger - Element found:By.id: menucat_settings_customerMenu
INFO main org.apache.log4j.Logger - Element found:By.id: menucat_settings_customerMenu
INFO main org.apache.log4j.Logger - Element found:By.id: menu
INFO main org.apache.log4j.Logger - Timed out after 5 seconds waiting for visibility of element located by By.tagName: a
Build info: version: '2.45.0', revision: '5017cb8e7ca8e37638dc3091b2440b90a1d8686f', time: '2015-02-27 09:10:26'
System info: host: 'igeorge.local', ip: '192.168.1.101', os.name: 'Mac OS X', os.arch: 'x86_64', os.version: '10.7.5', java.version: '1.8.0_45'
Driver info: com.sun.proxy.$Proxy8
INFO main org.apache.log4j.Logger - Element found:By.tagName: a
INFO main org.apache.log4j.Logger - Script run: arguments[0].scrollIntoView(true);
INFO main org.apache.log4j.Logger - Script run: javascript:window.scrollBy(250,350)
INFO main org.apache.log4j.Logger - Unknown command: {"id":"gev44vgg4gt0","name":"mouseMoveTo","parameters":{"element":":wdc:1432513983806"}} (WARNING: The server did not provide any stacktrace information)
Command duration or timeout: 6 milliseconds
Build info: version: '2.45.0', revision: '5017cb8e7ca8e37638dc3091b2440b90a1d8686f', time: '2015-02-27 09:10:26'
System info: host: 'igeorge.local', ip: '192.168.1.101', os.name: 'Mac OS X', os.arch: 'x86_64', os.version: '10.7.5', java.version: '1.8.0_45'
Driver info: org.openqa.selenium.safari.SafariDriver
Capabilities [{browserName=safari, takesScreenshot=true, javascriptEnabled=true, version=6.1.6, cssSelectorsEnabled=true, platform=MAC, secureSsl=true}]
Session ID: null
INFO main org.apache.log4j.Logger - Element clicked on:[[[[SafariDriver: safari on MAC (null)] -> id: menu]] -> tag name: a]
INFO main org.apache.log4j.Logger - Element found:By.id: langENG_theme
INFO main org.apache.log4j.Logger - Element clicked on:[[SafariDriver: safari on MAC (null)] -> id: langENG_theme]
INFO main org.apache.log4j.Logger - Element found:By.cssSelector: div.form_buttons > button.button_submit
INFO main org.apache.log4j.Logger - Element clicked on:[[SafariDriver: safari on MAC (null)] -> css selector: div.form_buttons > button.button_submit]
INFO main org.apache.log4j.Logger - Element found:By.cssSelector: div.form_buttons > button.button_submit
INFO main org.apache.log4j.Logger - Timed out awaiting response to command "findElement" after 30001 ms (WARNING: The server did not provide any stacktrace information)
Command duration or timeout: 30.02 seconds
Build info: version: '2.45.0', revision: '5017cb8e7ca8e37638dc3091b2440b90a1d8686f', time: '2015-02-27 09:10:26'
System info: host: 'igeorge.local', ip: '192.168.1.101', os.name: 'Mac OS X', os.arch: 'x86_64', os.version: '10.7.5', java.version: '1.8.0_45'
Driver info: org.openqa.selenium.safari.SafariDriver
Capabilities [{browserName=safari, takesScreenshot=true, javascriptEnabled=true, version=6.1.6, cssSelectorsEnabled=true, platform=MAC, secureSsl=true}]
Session ID: null
*** Element info: {Using=css selector, value=div.form_buttons > button.button_submit}
INFO main org.apache.log4j.Logger - Timed out awaiting response to command "findElement" after 30020 ms (WARNING: The server did not provide any stacktrace information)
Command duration or timeout: 30.06 seconds
Build info: version: '2.45.0', revision: '5017cb8e7ca8e37638dc3091b2440b90a1d8686f', time: '2015-02-27 09:10:26'
System info: host: 'igeorge.local', ip: '192.168.1.101', os.name: 'Mac OS X', os.arch: 'x86_64', os.version: '10.7.5', java.version: '1.8.0_45'
Driver info: org.openqa.selenium.safari.SafariDriver
Capabilities [{browserName=safari, takesScreenshot=true, javascriptEnabled=true, version=6.1.6, cssSelectorsEnabled=true, platform=MAC, secureSsl=true}]
Session ID: null
*** Element info: {Using=css selector, value=div.form_buttons > button.button_submit}
INFO main org.apache.log4j.Logger - Timed out awaiting response to command "findElement" after 30002 ms (WARNING: The server did not provide any stacktrace information)
Command duration or timeout: 30.01 seconds
Build info: version: '2.45.0', revision: '5017cb8e7ca8e37638dc3091b2440b90a1d8686f', time: '2015-02-27 09:10:26'
System info: host: 'igeorge.local', ip: '192.168.1.101', os.name: 'Mac OS X', os.arch: 'x86_64', os.version: '10.7.5', java.version: '1.8.0_45'
Driver info: org.openqa.selenium.safari.SafariDriver
Capabilities [{browserName=safari, takesScreenshot=true, javascriptEnabled=true, version=6.1.6, cssSelectorsEnabled=true, platform=MAC, secureSsl=true}]
Session ID: null
*** Element info: {Using=css selector, value=meta[content='en-us']}
INFO main org.apache.log4j.Logger - New driver instantiated
INFO main org.apache.log4j.Logger - MAC
INFO main org.apache.log4j.Logger - Firefox
INFO main net.lightbody.bmp.proxy.jetty.http.HttpServer - Version Jetty/5.1.x
INFO main net.lightbody.bmp.proxy.jetty.util.Container - Started HttpContext[/,/]
INFO main net.lightbody.bmp.proxy.jetty.http.SocketListener - Started SocketListener on 0.0.0.0:9090
INFO main net.lightbody.bmp.proxy.jetty.util.Container - Started net.lightbody.bmp.proxy.jetty.jetty.Server@75db5df9
INFO main org.apache.log4j.Logger - Firefoxdriver initialized with eventListeners
INFO SocketListener0-0 net.lightbody.bmp.proxy.jetty.util.Credential - Checking Resource aliases
INFO SocketListener0-0 net.lightbody.bmp.proxy.jetty.http.SocketListener - Started SocketListener on 0.0.0.0:50916
INFO SocketListener0-4 net.lightbody.bmp.proxy.jetty.http.SocketListener - Started SocketListener on 0.0.0.0:50924
INFO SocketListener0-5 net.lightbody.bmp.proxy.jetty.http.SocketListener - Started SocketListener on 0.0.0.0:50931
INFO SocketListener0-6 net.lightbody.bmp.proxy.jetty.http.SocketListener - Started SocketListener on 0.0.0.0:50935
INFO main org.apache.log4j.Logger - har.har is deleted!
INFO main org.apache.log4j.Logger - 08S01
INFO main org.apache.log4j.Logger - The execution of testLanguageChange starts now
INFO SocketListener0-3 net.lightbody.bmp.proxy.jetty.http.SocketListener - Started SocketListener on 0.0.0.0:50997
INFO SocketListener0-30 net.lightbody.bmp.proxy.jetty.http.SocketListener - Started SocketListener on 0.0.0.0:51028
INFO SocketListener0-5 net.lightbody.bmp.proxy.jetty.http.SocketListener - Started SocketListener on 0.0.0.0:51037
INFO SocketListener0-2 net.lightbody.bmp.proxy.jetty.http.SocketListener - Started SocketListener on 0.0.0.0:51040
INFO SocketListener0-32 net.lightbody.bmp.proxy.jetty.http.SocketListener - Started SocketListener on 0.0.0.0:51043
INFO SocketListener0-29 net.lightbody.bmp.proxy.jetty.http.SocketListener - Started SocketListener on 0.0.0.0:51046
INFO SocketListener0-33 net.lightbody.bmp.proxy.jetty.http.SocketListener - Started SocketListener on 0.0.0.0:51049
INFO SocketListener0-31 net.lightbody.bmp.proxy.jetty.http.SocketListener - Started SocketListener on 0.0.0.0:51061
INFO SocketListener0-34 net.lightbody.bmp.proxy.jetty.http.SocketListener - Started SocketListener on 0.0.0.0:51066
INFO SocketListener0-0 net.lightbody.bmp.proxy.jetty.http.SocketListener - Started SocketListener on 0.0.0.0:51069
INFO SocketListener0-36 net.lightbody.bmp.proxy.jetty.http.SocketListener - Started SocketListener on 0.0.0.0:51072
INFO SocketListener0-43 net.lightbody.bmp.proxy.jetty.http.SocketListener - Started SocketListener on 0.0.0.0:51094
INFO SocketListener0-44 net.lightbody.bmp.proxy.jetty.http.SocketListener - Started SocketListener on 0.0.0.0:51097
INFO SocketListener0-42 net.lightbody.bmp.proxy.jetty.http.SocketListener - Started SocketListener on 0.0.0.0:51100
INFO SocketListener0-11 net.lightbody.bmp.proxy.jetty.http.SocketListener - Started SocketListener on 0.0.0.0:51119
INFO main org.apache.log4j.Logger - Timed out after 5 seconds waiting for presence of element located by: By.cssSelector: meta[content='en-us']
Build info: version: '2.45.0', revision: '5017cb8e7ca8e37638dc3091b2440b90a1d8686f', time: '2015-02-27 09:10:26'
System info: host: 'igeorge.local', ip: '192.168.1.101', os.name: 'Mac OS X', os.arch: 'x86_64', os.version: '10.7.5', java.version: '1.8.0_45'
Driver info: org.openqa.selenium.support.events.EventFiringWebDriver
INFO main org.apache.log4j.Logger - Element found:By.id: headerButtonMenu
INFO main org.apache.log4j.Logger - Element clicked on:[[FirefoxDriver: firefox on MAC (061961e7-8a92-e341-9737-b3166fe50c3e)] -> id: headerButtonMenu]
INFO main org.apache.log4j.Logger - Element found:By.id: menuTabs_settings
INFO main org.apache.log4j.Logger - Element clicked on:[[FirefoxDriver: firefox on MAC (061961e7-8a92-e341-9737-b3166fe50c3e)] -> id: menuTabs_settings]
INFO main org.apache.log4j.Logger - Element found:By.id: menucat_settings_customerMenu
INFO main org.apache.log4j.Logger - Element found:By.id: menucat_settings_customerMenu
INFO main org.apache.log4j.Logger - Element found:By.id: menu
INFO main org.apache.log4j.Logger - Element found:By.tagName: a
INFO main org.apache.log4j.Logger - Script run: arguments[0].scrollIntoView(true);
INFO main org.apache.log4j.Logger - Script run: javascript:window.scrollBy(250,350)
INFO main org.apache.log4j.Logger - Element clicked on:[[[[FirefoxDriver: firefox on MAC (061961e7-8a92-e341-9737-b3166fe50c3e)] -> id: menu]] -> tag name: a]
INFO main org.apache.log4j.Logger - Element found:By.id: langENG_theme
INFO main org.apache.log4j.Logger - Element clicked on:[[FirefoxDriver: firefox on MAC (061961e7-8a92-e341-9737-b3166fe50c3e)] -> id: langENG_theme]
INFO main org.apache.log4j.Logger - Element found:By.cssSelector: div.form_buttons > button.button_submit
INFO main org.apache.log4j.Logger - Element clicked on:[[FirefoxDriver: firefox on MAC (061961e7-8a92-e341-9737-b3166fe50c3e)] -> css selector: div.form_buttons > button.button_submit]
INFO main org.apache.log4j.Logger - Element found:By.cssSelector: div.form_buttons > button.button_submit
INFO main org.apache.log4j.Logger - Timed out after 5 seconds waiting for presence of element located by: By.cssSelector: meta[content='en-us']
Build info: version: '2.45.0', revision: '5017cb8e7ca8e37638dc3091b2440b90a1d8686f', time: '2015-02-27 09:10:26'
System info: host: 'igeorge.local', ip: '192.168.1.101', os.name: 'Mac OS X', os.arch: 'x86_64', os.version: '10.7.5', java.version: '1.8.0_45'
Driver info: org.openqa.selenium.support.events.EventFiringWebDriver
INFO main org.apache.log4j.Logger -  *** Capture files are created in /Users/georgegaspar/Documents/workspace/Selenium_Testlink/test-output/html/ScreenShots//
INFO main org.apache.log4j.Logger - Test Method resides in test.java.TestLanguage
INFO main org.apache.log4j.Logger - Test Method had the following parameters :  langENG_theme , en-us , 
INFO main org.apache.log4j.Logger - Test Status: Pass
INFO main org.apache.log4j.Logger - testLanguageChange test succeeded!
INFO main org.apache.log4j.Logger - Minden fasza
INFO main org.apache.log4j.Logger - Driver closed afterInvocation
INFO main org.apache.log4j.Logger - Completed executing test Language test
INFO main org.apache.log4j.Logger - New driver instantiated
INFO main org.apache.log4j.Logger - MAC
INFO main org.apache.log4j.Logger - Firefox
INFO main net.lightbody.bmp.proxy.jetty.http.HttpServer - Version Jetty/5.1.x
INFO main net.lightbody.bmp.proxy.jetty.util.Container - Started HttpContext[/,/]
INFO main net.lightbody.bmp.proxy.jetty.http.SocketListener - Started SocketListener on 0.0.0.0:9090
INFO main net.lightbody.bmp.proxy.jetty.util.Container - Started net.lightbody.bmp.proxy.jetty.jetty.Server@691939c9
INFO main org.apache.log4j.Logger - Firefoxdriver initialized with eventListeners
INFO SocketListener0-0 net.lightbody.bmp.proxy.jetty.util.Credential - Checking Resource aliases
INFO SocketListener0-0 net.lightbody.bmp.proxy.jetty.http.SocketListener - Started SocketListener on 0.0.0.0:51605
INFO SocketListener0-4 net.lightbody.bmp.proxy.jetty.http.SocketListener - Started SocketListener on 0.0.0.0:51613
INFO SocketListener0-5 net.lightbody.bmp.proxy.jetty.http.SocketListener - Started SocketListener on 0.0.0.0:51621
INFO SocketListener0-6 net.lightbody.bmp.proxy.jetty.http.SocketListener - Started SocketListener on 0.0.0.0:51625
INFO main org.apache.log4j.Logger - har.har is deleted!
INFO main org.apache.log4j.Logger - har.har is deleted!
INFO main org.apache.log4j.Logger - 08S01
INFO main org.apache.log4j.Logger - The execution of testLanguageChange starts now
INFO SocketListener0-14 net.lightbody.bmp.proxy.jetty.http.SocketListener - Started SocketListener on 0.0.0.0:51715
INFO SocketListener0-26 net.lightbody.bmp.proxy.jetty.http.SocketListener - Started SocketListener on 0.0.0.0:51750
INFO SocketListener0-25 net.lightbody.bmp.proxy.jetty.http.SocketListener - Started SocketListener on 0.0.0.0:51752
INFO SocketListener0-29 net.lightbody.bmp.proxy.jetty.http.SocketListener - Started SocketListener on 0.0.0.0:51756
INFO SocketListener0-24 net.lightbody.bmp.proxy.jetty.http.SocketListener - Started SocketListener on 0.0.0.0:51760
INFO SocketListener0-30 net.lightbody.bmp.proxy.jetty.http.SocketListener - Started SocketListener on 0.0.0.0:51766
INFO SocketListener0-31 net.lightbody.bmp.proxy.jetty.http.SocketListener - Started SocketListener on 0.0.0.0:51773
INFO SocketListener0-32 net.lightbody.bmp.proxy.jetty.http.SocketListener - Started SocketListener on 0.0.0.0:51789
INFO SocketListener0-36 net.lightbody.bmp.proxy.jetty.http.SocketListener - Started SocketListener on 0.0.0.0:51794
INFO SocketListener0-34 net.lightbody.bmp.proxy.jetty.http.SocketListener - Started SocketListener on 0.0.0.0:51803
INFO SocketListener0-33 net.lightbody.bmp.proxy.jetty.http.SocketListener - Started SocketListener on 0.0.0.0:51806
INFO SocketListener0-39 net.lightbody.bmp.proxy.jetty.http.SocketListener - Started SocketListener on 0.0.0.0:51813
INFO SocketListener0-38 net.lightbody.bmp.proxy.jetty.http.SocketListener - Started SocketListener on 0.0.0.0:51826
INFO SocketListener0-35 net.lightbody.bmp.proxy.jetty.http.SocketListener - Started SocketListener on 0.0.0.0:51832
INFO SocketListener0-45 net.lightbody.bmp.proxy.jetty.http.SocketListener - Started SocketListener on 0.0.0.0:51836
INFO SocketListener0-19 net.lightbody.bmp.proxy.jetty.http.SocketListener - Started SocketListener on 0.0.0.0:51844
INFO SocketListener0-10 net.lightbody.bmp.proxy.jetty.http.SocketListener - Started SocketListener on 0.0.0.0:51852
INFO main org.apache.log4j.Logger - har.har is deleted!
INFO main org.apache.log4j.Logger - Timed out after 5 seconds waiting for presence of element located by: By.cssSelector: meta[content='en-us']
Build info: version: '2.45.0', revision: '5017cb8e7ca8e37638dc3091b2440b90a1d8686f', time: '2015-02-27 09:10:26'
System info: host: 'igeorge.local', ip: '192.168.1.101', os.name: 'Mac OS X', os.arch: 'x86_64', os.version: '10.7.5', java.version: '1.8.0_45'
Driver info: org.openqa.selenium.support.events.EventFiringWebDriver
INFO main org.apache.log4j.Logger - Element found:By.id: headerButtonMenu
INFO main org.apache.log4j.Logger - Element clicked on:[[FirefoxDriver: firefox on MAC (0bcba172-2e2f-f447-8c6f-bdeb25bf56c6)] -> id: headerButtonMenu]
INFO main org.apache.log4j.Logger - Element found:By.id: menuTabs_settings
INFO main org.apache.log4j.Logger - Element clicked on:[[FirefoxDriver: firefox on MAC (0bcba172-2e2f-f447-8c6f-bdeb25bf56c6)] -> id: menuTabs_settings]
INFO main org.apache.log4j.Logger - Element found:By.id: menucat_settings_customerMenu
INFO main org.apache.log4j.Logger - Element found:By.id: menucat_settings_customerMenu
INFO main org.apache.log4j.Logger - Element found:By.id: menu
INFO main org.apache.log4j.Logger - Element found:By.tagName: a
INFO main org.apache.log4j.Logger - Script run: arguments[0].scrollIntoView(true);
INFO main org.apache.log4j.Logger - Script run: javascript:window.scrollBy(250,350)
INFO main org.apache.log4j.Logger - Element clicked on:[[[[FirefoxDriver: firefox on MAC (0bcba172-2e2f-f447-8c6f-bdeb25bf56c6)] -> id: menu]] -> tag name: a]
INFO main org.apache.log4j.Logger - Element found:By.id: langENG_theme
INFO main org.apache.log4j.Logger - Element clicked on:[[FirefoxDriver: firefox on MAC (0bcba172-2e2f-f447-8c6f-bdeb25bf56c6)] -> id: langENG_theme]
INFO main org.apache.log4j.Logger - Element found:By.cssSelector: div.form_buttons > button.button_submit
INFO main org.apache.log4j.Logger - Element clicked on:[[FirefoxDriver: firefox on MAC (0bcba172-2e2f-f447-8c6f-bdeb25bf56c6)] -> css selector: div.form_buttons > button.button_submit]
INFO main org.apache.log4j.Logger - Element found:By.cssSelector: div.form_buttons > button.button_submit
INFO main org.apache.log4j.Logger - Timed out after 5 seconds waiting for presence of element located by: By.cssSelector: meta[content='en-us']
Build info: version: '2.45.0', revision: '5017cb8e7ca8e37638dc3091b2440b90a1d8686f', time: '2015-02-27 09:10:26'
System info: host: 'igeorge.local', ip: '192.168.1.101', os.name: 'Mac OS X', os.arch: 'x86_64', os.version: '10.7.5', java.version: '1.8.0_45'
Driver info: org.openqa.selenium.support.events.EventFiringWebDriver
INFO main org.apache.log4j.Logger -  *** Capture files are created in /Users/georgegaspar/Documents/workspace/Selenium_Testlink/test-output/html/ScreenShots//
INFO main org.apache.log4j.Logger - Test Method resides in test.java.TestLanguage
INFO main org.apache.log4j.Logger - Test Method had the following parameters :  langENG_theme , en-us , 
INFO main org.apache.log4j.Logger - Test Status: Pass
INFO main org.apache.log4j.Logger - testLanguageChange test succeeded!
INFO main org.apache.log4j.Logger - Minden fasza
INFO main org.apache.log4j.Logger - Driver closed afterInvocation
INFO main org.apache.log4j.Logger - Completed executing test Language test
INFO main org.apache.log4j.Logger - New driver instantiated
INFO main org.apache.log4j.Logger - MAC
INFO main org.apache.log4j.Logger - Firefox
INFO main net.lightbody.bmp.proxy.jetty.http.HttpServer - Version Jetty/5.1.x
INFO main net.lightbody.bmp.proxy.jetty.util.Container - Started HttpContext[/,/]
INFO main net.lightbody.bmp.proxy.jetty.http.SocketListener - Started SocketListener on 0.0.0.0:9090
INFO main net.lightbody.bmp.proxy.jetty.util.Container - Started net.lightbody.bmp.proxy.jetty.jetty.Server@75db5df9
INFO main org.apache.log4j.Logger - Firefoxdriver initialized with eventListeners
INFO SocketListener0-0 net.lightbody.bmp.proxy.jetty.util.Credential - Checking Resource aliases
INFO SocketListener0-0 net.lightbody.bmp.proxy.jetty.http.SocketListener - Started SocketListener on 0.0.0.0:52181
INFO SocketListener0-4 net.lightbody.bmp.proxy.jetty.http.SocketListener - Started SocketListener on 0.0.0.0:52192
INFO SocketListener0-5 net.lightbody.bmp.proxy.jetty.http.SocketListener - Started SocketListener on 0.0.0.0:52196
INFO SocketListener0-6 net.lightbody.bmp.proxy.jetty.http.SocketListener - Started SocketListener on 0.0.0.0:52200
INFO main org.apache.log4j.Logger - har.har is deleted!
INFO main org.apache.log4j.Logger - 08S01
INFO main org.apache.log4j.Logger - The execution of testLanguageChange starts now
INFO SocketListener0-18 net.lightbody.bmp.proxy.jetty.http.SocketListener - Started SocketListener on 0.0.0.0:52267
INFO SocketListener0-30 net.lightbody.bmp.proxy.jetty.http.SocketListener - Started SocketListener on 0.0.0.0:52292
INFO SocketListener0-32 net.lightbody.bmp.proxy.jetty.http.SocketListener - Started SocketListener on 0.0.0.0:52299
INFO SocketListener0-34 net.lightbody.bmp.proxy.jetty.http.SocketListener - Started SocketListener on 0.0.0.0:52304
INFO SocketListener0-33 net.lightbody.bmp.proxy.jetty.http.SocketListener - Started SocketListener on 0.0.0.0:52309
INFO SocketListener0-4 net.lightbody.bmp.proxy.jetty.http.SocketListener - Started SocketListener on 0.0.0.0:52313
INFO SocketListener0-35 net.lightbody.bmp.proxy.jetty.http.SocketListener - Started SocketListener on 0.0.0.0:52317
INFO SocketListener0-2 net.lightbody.bmp.proxy.jetty.http.SocketListener - Started SocketListener on 0.0.0.0:52323
INFO SocketListener0-5 net.lightbody.bmp.proxy.jetty.http.SocketListener - Started SocketListener on 0.0.0.0:52328
INFO SocketListener0-36 net.lightbody.bmp.proxy.jetty.http.SocketListener - Started SocketListener on 0.0.0.0:52336
INFO SocketListener0-37 net.lightbody.bmp.proxy.jetty.http.SocketListener - Started SocketListener on 0.0.0.0:52339
INFO SocketListener0-31 net.lightbody.bmp.proxy.jetty.http.SocketListener - Started SocketListener on 0.0.0.0:52344
INFO SocketListener0-39 net.lightbody.bmp.proxy.jetty.http.SocketListener - Started SocketListener on 0.0.0.0:52356
INFO SocketListener0-40 net.lightbody.bmp.proxy.jetty.http.SocketListener - Started SocketListener on 0.0.0.0:52359
INFO SocketListener0-12 net.lightbody.bmp.proxy.jetty.http.SocketListener - Started SocketListener on 0.0.0.0:52382
INFO main org.apache.log4j.Logger - har.har is deleted!
INFO main org.apache.log4j.Logger - Timed out after 5 seconds waiting for presence of element located by: By.cssSelector: meta[content='en-us']
Build info: version: '2.45.0', revision: '5017cb8e7ca8e37638dc3091b2440b90a1d8686f', time: '2015-02-27 09:10:26'
System info: host: 'igeorge.local', ip: '192.168.1.101', os.name: 'Mac OS X', os.arch: 'x86_64', os.version: '10.7.5', java.version: '1.8.0_45'
Driver info: org.openqa.selenium.support.events.EventFiringWebDriver
INFO main org.apache.log4j.Logger - Element found:By.id: headerButtonMenu
INFO main org.apache.log4j.Logger - Element clicked on:[[FirefoxDriver: firefox on MAC (3c5dcafa-609a-594f-9a28-fcb070563dbc)] -> id: headerButtonMenu]
INFO main org.apache.log4j.Logger - Element found:By.id: menuTabs_settings
INFO main org.apache.log4j.Logger - Element clicked on:[[FirefoxDriver: firefox on MAC (3c5dcafa-609a-594f-9a28-fcb070563dbc)] -> id: menuTabs_settings]
INFO main org.apache.log4j.Logger - Element found:By.id: menucat_settings_customerMenu
INFO main org.apache.log4j.Logger - Element found:By.id: menucat_settings_customerMenu
INFO main org.apache.log4j.Logger - Element found:By.id: menu
INFO main org.apache.log4j.Logger - Element found:By.tagName: a
INFO main org.apache.log4j.Logger - Script run: arguments[0].scrollIntoView(true);
INFO main org.apache.log4j.Logger - Script run: javascript:window.scrollBy(250,350)
INFO main org.apache.log4j.Logger - Element clicked on:[[[[FirefoxDriver: firefox on MAC (3c5dcafa-609a-594f-9a28-fcb070563dbc)] -> id: menu]] -> tag name: a]
INFO main org.apache.log4j.Logger - Element found:By.id: langENG_theme
INFO main org.apache.log4j.Logger - Element clicked on:[[FirefoxDriver: firefox on MAC (3c5dcafa-609a-594f-9a28-fcb070563dbc)] -> id: langENG_theme]
INFO main org.apache.log4j.Logger - Element found:By.cssSelector: div.form_buttons > button.button_submit
INFO main org.apache.log4j.Logger - Element clicked on:[[FirefoxDriver: firefox on MAC (3c5dcafa-609a-594f-9a28-fcb070563dbc)] -> css selector: div.form_buttons > button.button_submit]
INFO main org.apache.log4j.Logger - Element found:By.cssSelector: div.form_buttons > button.button_submit
INFO SocketListener0-19 net.lightbody.bmp.proxy.jetty.http.SocketListener - Started SocketListener on 0.0.0.0:52537
INFO main org.apache.log4j.Logger - Timed out after 5 seconds waiting for presence of element located by: By.cssSelector: meta[content='en-us']
Build info: version: '2.45.0', revision: '5017cb8e7ca8e37638dc3091b2440b90a1d8686f', time: '2015-02-27 09:10:26'
System info: host: 'igeorge.local', ip: '192.168.1.101', os.name: 'Mac OS X', os.arch: 'x86_64', os.version: '10.7.5', java.version: '1.8.0_45'
Driver info: org.openqa.selenium.support.events.EventFiringWebDriver
INFO main org.apache.log4j.Logger -  *** Capture files are created in /Users/georgegaspar/Documents/workspace/Selenium_Testlink/test-output/html/ScreenShots//
INFO main org.apache.log4j.Logger - Test Method resides in test.java.TestLanguage
INFO main org.apache.log4j.Logger - Test Method had the following parameters :  langENG_theme , en-us , 
INFO main org.apache.log4j.Logger - Test Status: Pass
INFO main org.apache.log4j.Logger - testLanguageChange test succeeded!
INFO main org.apache.log4j.Logger - Minden fasza
INFO main org.apache.log4j.Logger - Driver closed afterInvocation
INFO main org.apache.log4j.Logger - Completed executing test Language test
INFO main org.apache.log4j.Logger - Completed executing test Test Groups
INFO main org.apache.log4j.Logger - Completed executing test Test on Safari
INFO main org.apache.log4j.Logger - Completed executing test Test on Firefox
INFO main org.apache.log4j.Logger - Completed executing test Test on Internet Explorer
INFO main org.apache.log4j.Logger - New driver instantiated
INFO main org.apache.log4j.Logger - MAC
INFO main org.apache.log4j.Logger - CHROME
INFO main org.apache.log4j.Logger - properties.properties is loaded.
INFO main org.apache.log4j.Logger - CHROMEdriver initialized with eventListeners
INFO main org.apache.log4j.Logger - 
INFO main org.apache.log4j.Logger - 08S01
INFO main org.apache.log4j.Logger - The execution of testSignInSuccess starts now
INFO main org.apache.log4j.Logger - 
INFO main org.apache.log4j.Logger - http://www.hbogo.hu/group/offers
INFO main org.apache.log4j.Logger - Element found:By.id: headerButtonLogin
INFO main org.apache.log4j.Logger - By.id: headerButtonLogin
INFO main org.apache.log4j.Logger - Element found:By.id: headerButtonLogin
INFO main org.apache.log4j.Logger - Element clicked on:[[ChromeDriver: chrome on MAC (7b864d2d950d752d43f94bd1c01b68ae)] -> id: headerButtonLogin]
INFO main org.apache.log4j.Logger - Element found:By.id: OperatorId
INFO main org.apache.log4j.Logger - By.id: OperatorId
INFO main org.apache.log4j.Logger - Element found:By.id: OperatorId
INFO main org.apache.log4j.Logger - Element clicked on:[[ChromeDriver: chrome on MAC (7b864d2d950d752d43f94bd1c01b68ae)] -> id: OperatorId]
INFO main org.apache.log4j.Logger - Completed executing test Test Groups
INFO main org.apache.log4j.Logger - Completed executing test Test on Safari
INFO main org.apache.log4j.Logger - Completed executing test Test on Firefox
INFO main org.apache.log4j.Logger - Completed executing test Test on Internet Explorer
INFO main org.apache.log4j.Logger - New driver instantiated
INFO main org.apache.log4j.Logger - MAC
INFO main org.apache.log4j.Logger - CHROME
INFO main org.apache.log4j.Logger - properties.properties is loaded.
INFO main org.apache.log4j.Logger - CHROMEdriver initialized with eventListeners
INFO main org.apache.log4j.Logger - 
INFO main org.apache.log4j.Logger - 08S01
INFO main org.apache.log4j.Logger - The execution of testSignInSuccess starts now
INFO main org.apache.log4j.Logger - 
INFO main org.apache.log4j.Logger - http://www.hbogo.hu/group/offers
INFO main org.apache.log4j.Logger - Element found:By.id: headerButtonLogin
INFO main org.apache.log4j.Logger - By.id: headerButtonLogin
INFO main org.apache.log4j.Logger - Element found:By.id: headerButtonLogin
INFO main org.apache.log4j.Logger - Element clicked on:[[ChromeDriver: chrome on MAC (47b42cb838b310486400323d29e5bb0c)] -> id: headerButtonLogin]
INFO main org.apache.log4j.Logger - Element found:By.id: OperatorId
INFO main org.apache.log4j.Logger - By.id: OperatorId
INFO main org.apache.log4j.Logger - Element found:By.id: OperatorId
INFO main org.apache.log4j.Logger - Element clicked on:[[ChromeDriver: chrome on MAC (47b42cb838b310486400323d29e5bb0c)] -> id: OperatorId]
INFO main org.apache.log4j.Logger - Element found:By.id: OperatorId_f320aa2c-e40e-49c2-8cdd-1ebef2ac6f26
INFO main org.apache.log4j.Logger - By.id: OperatorId_f320aa2c-e40e-49c2-8cdd-1ebef2ac6f26
INFO main org.apache.log4j.Logger - Element found:By.id: OperatorId_f320aa2c-e40e-49c2-8cdd-1ebef2ac6f26
INFO main org.apache.log4j.Logger - Element clicked on:[[ChromeDriver: chrome on MAC (47b42cb838b310486400323d29e5bb0c)] -> id: OperatorId_f320aa2c-e40e-49c2-8cdd-1ebef2ac6f26]
INFO main org.apache.log4j.Logger - Element found:By.name: EmailAddress
INFO main org.apache.log4j.Logger - By.name: EmailAddress
INFO main org.apache.log4j.Logger - Element found:By.name: EmailAddress
INFO main org.apache.log4j.Logger - Element found:By.name: EmailAddress
INFO main org.apache.log4j.Logger - Element found:By.name: Password
INFO main org.apache.log4j.Logger - By.name: Password
INFO main org.apache.log4j.Logger - Element found:By.name: Password
INFO main org.apache.log4j.Logger - Element found:By.name: Password
INFO main org.apache.log4j.Logger - selectOperator is successful
INFO main org.apache.log4j.Logger - selectOperator test is done
INFO main org.apache.log4j.Logger - Element found:By.cssSelector: #sign-in-buttons > button.button_submit
INFO main org.apache.log4j.Logger - By.cssSelector: #sign-in-buttons > button.button_submit
INFO main org.apache.log4j.Logger - Element found:By.cssSelector: #sign-in-buttons > button.button_submit
INFO main org.apache.log4j.Logger - Element clicked on:[[ChromeDriver: chrome on MAC (47b42cb838b310486400323d29e5bb0c)] -> css selector: #sign-in-buttons > button.button_submit]
INFO main org.apache.log4j.Logger - submit is successful
INFO main org.apache.log4j.Logger - Test Method resides in test.java.TestSingleContent
INFO main org.apache.log4j.Logger - Test Method had the following parameters :  OperatorId_f320aa2c-e40e-49c2-8cdd-1ebef2ac6f26 , 
INFO main org.apache.log4j.Logger - Test Status: Failed
INFO main org.apache.log4j.Logger - testSignInSuccess test failed!
INFO main org.apache.log4j.Logger - Fuck
INFO main org.apache.log4j.Logger -  *** Capture files are created in /Users/georgegaspar/Documents/workspace/Selenium_Testlink/test-output/html/ScreenShots//
INFO main org.apache.log4j.Logger - CHROME-2015-4-25-3-16-7-93.png
INFO main org.apache.log4j.Logger - Test Method resides in test.java.TestSingleContent
INFO main org.apache.log4j.Logger - Test Status: Skipped
INFO main org.apache.log4j.Logger - testPlaySingleContent was skipped!
INFO main org.apache.log4j.Logger - Shit happens
INFO main org.apache.log4j.Logger - Driver closed afterInvocation
INFO main org.apache.log4j.Logger - Completed executing test Test on Chrome
INFO main org.apache.log4j.Logger - Completed executing test Test Groups
INFO main org.apache.log4j.Logger - Completed executing test Test on Safari
INFO main org.apache.log4j.Logger - Completed executing test Test on Firefox
INFO main org.apache.log4j.Logger - Completed executing test Test on Internet Explorer
INFO main org.apache.log4j.Logger - New driver instantiated
INFO main org.apache.log4j.Logger - MAC
INFO main org.apache.log4j.Logger - CHROME
INFO main org.apache.log4j.Logger - properties.properties is loaded.
INFO main org.apache.log4j.Logger - CHROMEdriver initialized with eventListeners
INFO main org.apache.log4j.Logger - 
INFO main org.apache.log4j.Logger - 08S01
INFO main org.apache.log4j.Logger - The execution of testSignInSuccess starts now
INFO main org.apache.log4j.Logger - 
INFO main org.apache.log4j.Logger - http://www.hbogo.hu/group/offers
INFO main org.apache.log4j.Logger - Element found:By.id: headerButtonLogin
INFO main org.apache.log4j.Logger - By.id: headerButtonLogin
INFO main org.apache.log4j.Logger - Element found:By.id: headerButtonLogin
INFO main org.apache.log4j.Logger - Test Method resides in test.java.TestSingleContent
INFO main org.apache.log4j.Logger - Test Method had the following parameters :  OperatorId_f320aa2c-e40e-49c2-8cdd-1ebef2ac6f26 , 
INFO main org.apache.log4j.Logger - Test Status: Failed
INFO main org.apache.log4j.Logger - testSignInSuccess test failed!
INFO main org.apache.log4j.Logger - Fuck
INFO main org.apache.log4j.Logger -  *** Capture files are created in /Users/georgegaspar/Documents/workspace/Selenium_Testlink/test-output/html/ScreenShots//
INFO main org.apache.log4j.Logger - CHROME-2015-4-25-3-25-8-114.png
INFO main org.apache.log4j.Logger - Test Method resides in test.java.TestSingleContent
INFO main org.apache.log4j.Logger - Test Status: Skipped
INFO main org.apache.log4j.Logger - testPlaySingleContent was skipped!
INFO main org.apache.log4j.Logger - Shit happens
INFO main org.apache.log4j.Logger - Driver closed afterInvocation
INFO main org.apache.log4j.Logger - Completed executing test Test on Chrome
INFO main org.apache.log4j.Logger - Completed executing test Test Groups
INFO main org.apache.log4j.Logger - Completed executing test Test on Safari
INFO main org.apache.log4j.Logger - Completed executing test Test on Firefox
INFO main org.apache.log4j.Logger - Completed executing test Test on Internet Explorer
INFO main org.apache.log4j.Logger - New driver instantiated
INFO main org.apache.log4j.Logger - MAC
INFO main org.apache.log4j.Logger - CHROME
INFO main org.apache.log4j.Logger - properties.properties is loaded.
INFO main org.apache.log4j.Logger - CHROMEdriver initialized with eventListeners
INFO main org.apache.log4j.Logger - 
INFO main org.apache.log4j.Logger - 08S01
INFO main org.apache.log4j.Logger - The execution of testSignInSuccess starts now
INFO main org.apache.log4j.Logger - 
INFO main org.apache.log4j.Logger - http://www.hbogo.hu/group/offers
INFO main org.apache.log4j.Logger - Element found:By.id: headerButtonLogin
INFO main org.apache.log4j.Logger - By.id: headerButtonLogin
INFO main org.apache.log4j.Logger - Element found:By.id: headerButtonLogin
INFO main org.apache.log4j.Logger - Test Method resides in test.java.TestSingleContent
INFO main org.apache.log4j.Logger - Test Method had the following parameters :  OperatorId_f320aa2c-e40e-49c2-8cdd-1ebef2ac6f26 , 
INFO main org.apache.log4j.Logger - Test Status: Failed
INFO main org.apache.log4j.Logger - testSignInSuccess test failed!
INFO main org.apache.log4j.Logger - Fuck
INFO main org.apache.log4j.Logger -  *** Capture files are created in /Users/georgegaspar/Documents/workspace/Selenium_Testlink/test-output/html/ScreenShots//
INFO main org.apache.log4j.Logger - CHROME-2015-4-25-3-31-33-622.png
INFO main org.apache.log4j.Logger - Test Method resides in test.java.TestSingleContent
INFO main org.apache.log4j.Logger - Test Status: Skipped
INFO main org.apache.log4j.Logger - testPlaySingleContent was skipped!
INFO main org.apache.log4j.Logger - Shit happens
INFO main org.apache.log4j.Logger - Driver closed afterInvocation
INFO main org.apache.log4j.Logger - Completed executing test Test on Chrome
INFO main org.apache.log4j.Logger - Completed executing test Test Groups
INFO main org.apache.log4j.Logger - Completed executing test Test on Safari
INFO main org.apache.log4j.Logger - Completed executing test Test on Firefox
INFO main org.apache.log4j.Logger - Completed executing test Test on Internet Explorer
INFO main org.apache.log4j.Logger - New driver instantiated
INFO main org.apache.log4j.Logger - MAC
INFO main org.apache.log4j.Logger - CHROME
INFO main org.apache.log4j.Logger - properties.properties is loaded.
INFO main org.apache.log4j.Logger - CHROMEdriver initialized with eventListeners
INFO main org.apache.log4j.Logger - Completed executing test Test Groups
INFO main org.apache.log4j.Logger - Completed executing test Test on Safari
INFO main org.apache.log4j.Logger - Completed executing test Test on Firefox
INFO main org.apache.log4j.Logger - Completed executing test Test on Internet Explorer
INFO main org.apache.log4j.Logger - New driver instantiated
INFO main org.apache.log4j.Logger - MAC
INFO main org.apache.log4j.Logger - CHROME
INFO main org.apache.log4j.Logger - properties.properties is loaded.
INFO main org.apache.log4j.Logger - CHROMEdriver initialized with eventListeners
INFO main org.apache.log4j.Logger - 
INFO main org.apache.log4j.Logger - 08S01
INFO main org.apache.log4j.Logger - The execution of testSignInSuccess starts now
INFO main org.apache.log4j.Logger - 
INFO main org.apache.log4j.Logger - http://www.hbogo.hu/group/offers
INFO main org.apache.log4j.Logger - Element found:By.id: headerButtonLogin
INFO main org.apache.log4j.Logger - By.id: headerButtonLogin
INFO main org.apache.log4j.Logger - Element found:By.id: headerButtonLogin
INFO main org.apache.log4j.Logger - Element clicked on:[[ChromeDriver: chrome on MAC (fc6113e4e0fa59891af9263424aedb49)] -> id: headerButtonLogin]
INFO main org.apache.log4j.Logger - Element found:By.id: OperatorId
INFO main org.apache.log4j.Logger - By.id: OperatorId
INFO main org.apache.log4j.Logger - Element found:By.id: OperatorId
INFO main org.apache.log4j.Logger - Element clicked on:[[ChromeDriver: chrome on MAC (fc6113e4e0fa59891af9263424aedb49)] -> id: OperatorId]
INFO main org.apache.log4j.Logger - Element found:By.id: OperatorId_f320aa2c-e40e-49c2-8cdd-1ebef2ac6f26
INFO main org.apache.log4j.Logger - By.id: OperatorId_f320aa2c-e40e-49c2-8cdd-1ebef2ac6f26
INFO main org.apache.log4j.Logger - Element found:By.id: OperatorId_f320aa2c-e40e-49c2-8cdd-1ebef2ac6f26
INFO main org.apache.log4j.Logger - Element clicked on:[[ChromeDriver: chrome on MAC (fc6113e4e0fa59891af9263424aedb49)] -> id: OperatorId_f320aa2c-e40e-49c2-8cdd-1ebef2ac6f26]
INFO main org.apache.log4j.Logger - Element found:By.name: EmailAddress
INFO main org.apache.log4j.Logger - By.name: EmailAddress
INFO main org.apache.log4j.Logger - Element found:By.name: EmailAddress
INFO main org.apache.log4j.Logger - Element found:By.name: EmailAddress
INFO main org.apache.log4j.Logger - Element found:By.name: Password
INFO main org.apache.log4j.Logger - By.name: Password
INFO main org.apache.log4j.Logger - Element found:By.name: Password
INFO main org.apache.log4j.Logger - Element found:By.name: Password
INFO main org.apache.log4j.Logger - selectOperator is successful
INFO main org.apache.log4j.Logger - selectOperator test is done
INFO main org.apache.log4j.Logger - Element found:By.cssSelector: #sign-in-buttons > button.button_submit
INFO main org.apache.log4j.Logger - By.cssSelector: #sign-in-buttons > button.button_submit
INFO main org.apache.log4j.Logger - Element found:By.cssSelector: #sign-in-buttons > button.button_submit
INFO main org.apache.log4j.Logger - Element clicked on:[[ChromeDriver: chrome on MAC (fc6113e4e0fa59891af9263424aedb49)] -> css selector: #sign-in-buttons > button.button_submit]
INFO main org.apache.log4j.Logger - submit is successful
INFO main org.apache.log4j.Logger - http://www.hbogo.hu/pages/settings/signin.aspx
INFO main org.apache.log4j.Logger - Login is successful!
INFO main org.apache.log4j.Logger - submit test is done
INFO main org.apache.log4j.Logger - Test Method resides in test.java.TestSingleContent
INFO main org.apache.log4j.Logger - Test Method had the following parameters :  OperatorId_f320aa2c-e40e-49c2-8cdd-1ebef2ac6f26 , 
INFO main org.apache.log4j.Logger - Test Status: Pass
INFO main org.apache.log4j.Logger - testSignInSuccess test succeeded!
INFO main org.apache.log4j.Logger - Minden fasza
INFO main org.apache.log4j.Logger - The execution of testPlaySingleContent starts now
INFO main org.apache.log4j.Logger - 
INFO main org.apache.log4j.Logger - Element found:By.xpath: .//*[@id='content-inner']/div[1]/div[1]/div[2]
INFO main org.apache.log4j.Logger - By.xpath: .//*[@id='content-inner']/div[1]/div[1]/div[2]
INFO main org.apache.log4j.Logger - Element found:By.xpath: .//*[@id='content-inner']/div[1]/div[1]/div[2]
INFO main org.apache.log4j.Logger - Mouse hove action succeeded!
INFO main org.apache.log4j.Logger - Element found:By.id: play_dropdown
INFO main org.apache.log4j.Logger - Test Method resides in test.java.TestSingleContent
INFO main org.apache.log4j.Logger - Test Method had the following parameters :  content1 , 
INFO main org.apache.log4j.Logger - Test Status: Failed
INFO main org.apache.log4j.Logger - testPlaySingleContent test failed!
INFO main org.apache.log4j.Logger - Fuck
INFO main org.apache.log4j.Logger -  *** Capture files are created in /Users/georgegaspar/Documents/workspace/Selenium_Testlink/test-output/html/ScreenShots//
INFO main org.apache.log4j.Logger - CHROME-2015-4-25-3-35-15-187.png
INFO main org.apache.log4j.Logger - Driver closed afterInvocation
INFO main org.apache.log4j.Logger - Completed executing test Test on Chrome
INFO main org.apache.log4j.Logger - Completed executing test Test Groups
INFO main org.apache.log4j.Logger - Completed executing test Test on Safari
INFO main org.apache.log4j.Logger - Completed executing test Test on Firefox
INFO main org.apache.log4j.Logger - Completed executing test Test on Internet Explorer
INFO main org.apache.log4j.Logger - New driver instantiated
INFO main org.apache.log4j.Logger - MAC
INFO main org.apache.log4j.Logger - CHROME
INFO main org.apache.log4j.Logger - properties.properties is loaded.
INFO main org.apache.log4j.Logger - CHROMEdriver initialized with eventListeners
INFO main org.apache.log4j.Logger - 
INFO main org.apache.log4j.Logger - 08S01
INFO main org.apache.log4j.Logger - The execution of testSignInSuccess starts now
INFO main org.apache.log4j.Logger - 
INFO main org.apache.log4j.Logger - http://www.hbogo.hu/group/offers
INFO main org.apache.log4j.Logger - Element found:By.id: headerButtonLogin
INFO main org.apache.log4j.Logger - By.id: headerButtonLogin
INFO main org.apache.log4j.Logger - Element found:By.id: headerButtonLogin
INFO main org.apache.log4j.Logger - Test Method resides in test.java.TestSingleContent
INFO main org.apache.log4j.Logger - Test Method had the following parameters :  OperatorId_f320aa2c-e40e-49c2-8cdd-1ebef2ac6f26 , 
INFO main org.apache.log4j.Logger - Test Status: Failed
INFO main org.apache.log4j.Logger - testSignInSuccess test failed!
INFO main org.apache.log4j.Logger - Fuck
INFO main org.apache.log4j.Logger -  *** Capture files are created in /Users/georgegaspar/Documents/workspace/Selenium_Testlink/test-output/html/ScreenShots//
INFO main org.apache.log4j.Logger - CHROME-2015-4-25-3-44-36-509.png
INFO main org.apache.log4j.Logger - Test Method resides in test.java.TestSingleContent
INFO main org.apache.log4j.Logger - Test Status: Skipped
INFO main org.apache.log4j.Logger - testPlaySingleContent was skipped!
INFO main org.apache.log4j.Logger - Shit happens
INFO main org.apache.log4j.Logger - Driver closed afterInvocation
INFO main org.apache.log4j.Logger - Completed executing test Test on Chrome
INFO main org.apache.log4j.Logger - Completed executing test Test Groups
INFO main org.apache.log4j.Logger - Completed executing test Test on Safari
INFO main org.apache.log4j.Logger - Completed executing test Test on Firefox
INFO main org.apache.log4j.Logger - Completed executing test Test on Internet Explorer
INFO main org.apache.log4j.Logger - New driver instantiated
INFO main org.apache.log4j.Logger - MAC
INFO main org.apache.log4j.Logger - CHROME
INFO main org.apache.log4j.Logger - properties.properties is loaded.
INFO main org.apache.log4j.Logger - CHROMEdriver initialized with eventListeners
INFO main org.apache.log4j.Logger - 
INFO main org.apache.log4j.Logger - 08S01
INFO main org.apache.log4j.Logger - The execution of testSignInSuccess starts now
INFO main org.apache.log4j.Logger - 
INFO main org.apache.log4j.Logger - http://www.hbogo.hu/group/offers
INFO main org.apache.log4j.Logger - Element found:By.id: headerButtonLogin
INFO main org.apache.log4j.Logger - By.id: headerButtonLogin
INFO main org.apache.log4j.Logger - Element found:By.id: headerButtonLogin
INFO main org.apache.log4j.Logger - Test Method resides in test.java.TestSingleContent
INFO main org.apache.log4j.Logger - Test Method had the following parameters :  OperatorId_f320aa2c-e40e-49c2-8cdd-1ebef2ac6f26 , 
INFO main org.apache.log4j.Logger - Test Status: Failed
INFO main org.apache.log4j.Logger - testSignInSuccess test failed!
INFO main org.apache.log4j.Logger - Fuck
INFO main org.apache.log4j.Logger -  *** Capture files are created in /Users/georgegaspar/Documents/workspace/Selenium_Testlink/test-output/html/ScreenShots//
INFO main org.apache.log4j.Logger - CHROME-2015-4-25-3-48-46-838.png
INFO main org.apache.log4j.Logger - Test Method resides in test.java.TestSingleContent
INFO main org.apache.log4j.Logger - Test Status: Skipped
INFO main org.apache.log4j.Logger - testPlaySingleContent was skipped!
INFO main org.apache.log4j.Logger - Shit happens
INFO main org.apache.log4j.Logger - Driver closed afterInvocation
INFO main org.apache.log4j.Logger - Completed executing test Test on Chrome
INFO main org.apache.log4j.Logger - Completed executing test Test Groups
INFO main org.apache.log4j.Logger - Completed executing test Test on Safari
INFO main org.apache.log4j.Logger - Completed executing test Test on Firefox
INFO main org.apache.log4j.Logger - Completed executing test Test on Internet Explorer
INFO main org.apache.log4j.Logger - New driver instantiated
INFO main org.apache.log4j.Logger - MAC
INFO main org.apache.log4j.Logger - CHROME
INFO main org.apache.log4j.Logger - properties.properties is loaded.
INFO main org.apache.log4j.Logger - CHROMEdriver initialized with eventListeners
INFO main org.apache.log4j.Logger - 
INFO main org.apache.log4j.Logger - Completed executing test Test Groups
INFO main org.apache.log4j.Logger - Completed executing test Test on Safari
INFO main org.apache.log4j.Logger - Completed executing test Test on Firefox
INFO main org.apache.log4j.Logger - Completed executing test Test on Internet Explorer
INFO main org.apache.log4j.Logger - New driver instantiated
INFO main org.apache.log4j.Logger - MAC
INFO main org.apache.log4j.Logger - CHROME
INFO main org.apache.log4j.Logger - properties.properties is loaded.
INFO main org.apache.log4j.Logger - CHROMEdriver initialized with eventListeners
INFO main org.apache.log4j.Logger - 
INFO main org.apache.log4j.Logger - 08S01
INFO main org.apache.log4j.Logger - The execution of testSignInSuccess starts now
INFO main org.apache.log4j.Logger - 
INFO main org.apache.log4j.Logger - http://www.hbogo.hu/group/offers
INFO main org.apache.log4j.Logger - Element found:By.id: headerButtonLogin
INFO main org.apache.log4j.Logger - By.id: headerButtonLogin
INFO main org.apache.log4j.Logger - Element found:By.id: headerButtonLogin
INFO main org.apache.log4j.Logger - Element clicked on:[[ChromeDriver: chrome on MAC (f06d1c41ebfddd7546f777693792d0c2)] -> id: headerButtonLogin]
INFO main org.apache.log4j.Logger - Element found:By.id: OperatorId
INFO main org.apache.log4j.Logger - By.id: OperatorId
INFO main org.apache.log4j.Logger - Element found:By.id: OperatorId
INFO main org.apache.log4j.Logger - Element clicked on:[[ChromeDriver: chrome on MAC (f06d1c41ebfddd7546f777693792d0c2)] -> id: OperatorId]
INFO main org.apache.log4j.Logger - Element found:By.id: OperatorId_f320aa2c-e40e-49c2-8cdd-1ebef2ac6f26
INFO main org.apache.log4j.Logger - By.id: OperatorId_f320aa2c-e40e-49c2-8cdd-1ebef2ac6f26
INFO main org.apache.log4j.Logger - Element found:By.id: OperatorId_f320aa2c-e40e-49c2-8cdd-1ebef2ac6f26
INFO main org.apache.log4j.Logger - Element clicked on:[[ChromeDriver: chrome on MAC (f06d1c41ebfddd7546f777693792d0c2)] -> id: OperatorId_f320aa2c-e40e-49c2-8cdd-1ebef2ac6f26]
INFO main org.apache.log4j.Logger - Element found:By.name: EmailAddress
INFO main org.apache.log4j.Logger - By.name: EmailAddress
INFO main org.apache.log4j.Logger - Element found:By.name: EmailAddress
INFO main org.apache.log4j.Logger - Element found:By.name: EmailAddress
INFO main org.apache.log4j.Logger - Element found:By.name: Password
INFO main org.apache.log4j.Logger - By.name: Password
INFO main org.apache.log4j.Logger - Element found:By.name: Password
INFO main org.apache.log4j.Logger - Element found:By.name: Password
INFO main org.apache.log4j.Logger - selectOperator is successful
INFO main org.apache.log4j.Logger - selectOperator test is done
INFO main org.apache.log4j.Logger - Element found:By.cssSelector: #sign-in-buttons > button.button_submit
INFO main org.apache.log4j.Logger - By.cssSelector: #sign-in-buttons > button.button_submit
INFO main org.apache.log4j.Logger - Element found:By.cssSelector: #sign-in-buttons > button.button_submit
INFO main org.apache.log4j.Logger - Element clicked on:[[ChromeDriver: chrome on MAC (f06d1c41ebfddd7546f777693792d0c2)] -> css selector: #sign-in-buttons > button.button_submit]
INFO main org.apache.log4j.Logger - submit is successful
INFO main org.apache.log4j.Logger - http://www.hbogo.hu/pages/settings/signin.aspx
INFO main org.apache.log4j.Logger - Login is successful!
INFO main org.apache.log4j.Logger - submit test is done
INFO main org.apache.log4j.Logger - Test Method resides in test.java.TestSingleContent
INFO main org.apache.log4j.Logger - Test Method had the following parameters :  OperatorId_f320aa2c-e40e-49c2-8cdd-1ebef2ac6f26 , 
INFO main org.apache.log4j.Logger - Test Status: Pass
INFO main org.apache.log4j.Logger - testSignInSuccess test succeeded!
INFO main org.apache.log4j.Logger - Minden fasza
INFO main org.apache.log4j.Logger - The execution of testPlaySingleContent starts now
INFO main org.apache.log4j.Logger - 
INFO main org.apache.log4j.Logger - Element found:By.xpath: .//*[@id='content-inner']/div[1]/div[1]/div[2]
INFO main org.apache.log4j.Logger - By.xpath: .//*[@id='content-inner']/div[1]/div[1]/div[2]
INFO main org.apache.log4j.Logger - Element found:By.xpath: .//*[@id='content-inner']/div[1]/div[1]/div[2]
INFO main org.apache.log4j.Logger - Mouse hove action succeeded!
INFO main org.apache.log4j.Logger - Element found:By.id: play_dropdown
INFO main org.apache.log4j.Logger - Test Method resides in test.java.TestSingleContent
INFO main org.apache.log4j.Logger - Test Method had the following parameters :  content1 , 
INFO main org.apache.log4j.Logger - Test Status: Failed
INFO main org.apache.log4j.Logger - testPlaySingleContent test failed!
INFO main org.apache.log4j.Logger - Fuck
INFO main org.apache.log4j.Logger -  *** Capture files are created in /Users/georgegaspar/Documents/workspace/Selenium_Testlink/test-output/html/ScreenShots//
INFO main org.apache.log4j.Logger - CHROME-2015-4-25-3-51-47-409.png
INFO main org.apache.log4j.Logger - Driver closed afterInvocation
INFO main org.apache.log4j.Logger - Completed executing test Test on Chrome
INFO main org.apache.log4j.Logger - Completed executing test Test Groups
INFO main org.apache.log4j.Logger - Completed executing test Test on Safari
INFO main org.apache.log4j.Logger - Completed executing test Test on Firefox
INFO main org.apache.log4j.Logger - Completed executing test Test on Internet Explorer
INFO main org.apache.log4j.Logger - New driver instantiated
INFO main org.apache.log4j.Logger - MAC
INFO main org.apache.log4j.Logger - CHROME
INFO main org.apache.log4j.Logger - properties.properties is loaded.
INFO main org.apache.log4j.Logger - CHROMEdriver initialized with eventListeners
INFO main org.apache.log4j.Logger - 
INFO main org.apache.log4j.Logger - 08S01
INFO main org.apache.log4j.Logger - The execution of testSignInSuccess starts now
INFO main org.apache.log4j.Logger - 
INFO main org.apache.log4j.Logger - http://www.hbogo.hu/group/offers
INFO main org.apache.log4j.Logger - Completed executing test Test Groups
INFO main org.apache.log4j.Logger - Completed executing test Test on Safari
INFO main org.apache.log4j.Logger - Completed executing test Test on Firefox
INFO main org.apache.log4j.Logger - Completed executing test Test on Internet Explorer
INFO main org.apache.log4j.Logger - New driver instantiated
INFO main org.apache.log4j.Logger - MAC
INFO main org.apache.log4j.Logger - CHROME
INFO main org.apache.log4j.Logger - properties.properties is loaded.
INFO main org.apache.log4j.Logger - CHROMEdriver initialized with eventListeners
INFO main org.apache.log4j.Logger - 
INFO main org.apache.log4j.Logger - 08S01
INFO main org.apache.log4j.Logger - The execution of testSignInSuccess starts now
INFO main org.apache.log4j.Logger - 
INFO main org.apache.log4j.Logger - http://www.hbogo.hu/group/offers
INFO main org.apache.log4j.Logger - Element found:By.id: headerButtonLogin
INFO main org.apache.log4j.Logger - By.id: headerButtonLogin
INFO main org.apache.log4j.Logger - Element found:By.id: headerButtonLogin
INFO main org.apache.log4j.Logger - Element clicked on:[[ChromeDriver: chrome on MAC (553f6cd86aac04ef85e3d46e08c7b42a)] -> id: headerButtonLogin]
INFO main org.apache.log4j.Logger - Element found:By.id: OperatorId
INFO main org.apache.log4j.Logger - By.id: OperatorId
INFO main org.apache.log4j.Logger - Element found:By.id: OperatorId
INFO main org.apache.log4j.Logger - Element clicked on:[[ChromeDriver: chrome on MAC (553f6cd86aac04ef85e3d46e08c7b42a)] -> id: OperatorId]
INFO main org.apache.log4j.Logger - Element found:By.id: OperatorId_f320aa2c-e40e-49c2-8cdd-1ebef2ac6f26
INFO main org.apache.log4j.Logger - By.id: OperatorId_f320aa2c-e40e-49c2-8cdd-1ebef2ac6f26
INFO main org.apache.log4j.Logger - Element found:By.id: OperatorId_f320aa2c-e40e-49c2-8cdd-1ebef2ac6f26
INFO main org.apache.log4j.Logger - Element clicked on:[[ChromeDriver: chrome on MAC (553f6cd86aac04ef85e3d46e08c7b42a)] -> id: OperatorId_f320aa2c-e40e-49c2-8cdd-1ebef2ac6f26]
INFO main org.apache.log4j.Logger - Element found:By.name: EmailAddress
INFO main org.apache.log4j.Logger - By.name: EmailAddress
INFO main org.apache.log4j.Logger - Element found:By.name: EmailAddress
INFO main org.apache.log4j.Logger - Element found:By.name: EmailAddress
INFO main org.apache.log4j.Logger - Element found:By.name: Password
INFO main org.apache.log4j.Logger - By.name: Password
INFO main org.apache.log4j.Logger - Element found:By.name: Password
INFO main org.apache.log4j.Logger - Element found:By.name: Password
INFO main org.apache.log4j.Logger - selectOperator is successful
INFO main org.apache.log4j.Logger - selectOperator test is done
INFO main org.apache.log4j.Logger - Element found:By.cssSelector: #sign-in-buttons > button.button_submit
INFO main org.apache.log4j.Logger - By.cssSelector: #sign-in-buttons > button.button_submit
INFO main org.apache.log4j.Logger - Element found:By.cssSelector: #sign-in-buttons > button.button_submit
INFO main org.apache.log4j.Logger - Element clicked on:[[ChromeDriver: chrome on MAC (553f6cd86aac04ef85e3d46e08c7b42a)] -> css selector: #sign-in-buttons > button.button_submit]
INFO main org.apache.log4j.Logger - submit is successful
INFO main org.apache.log4j.Logger - http://www.hbogo.hu/pages/settings/signin.aspx
INFO main org.apache.log4j.Logger - Login is successful!
INFO main org.apache.log4j.Logger - submit test is done
INFO main org.apache.log4j.Logger - Test Method resides in test.java.TestSingleContent
INFO main org.apache.log4j.Logger - Test Method had the following parameters :  OperatorId_f320aa2c-e40e-49c2-8cdd-1ebef2ac6f26 , 
INFO main org.apache.log4j.Logger - Test Status: Pass
INFO main org.apache.log4j.Logger - testSignInSuccess test succeeded!
INFO main org.apache.log4j.Logger - Minden fasza
INFO main org.apache.log4j.Logger - The execution of testPlaySingleContent starts now
INFO main org.apache.log4j.Logger - 
INFO main org.apache.log4j.Logger - Element found:By.xpath: .//*[@id='content-inner']/div[1]/div[1]/div[2]
INFO main org.apache.log4j.Logger - By.xpath: .//*[@id='content-inner']/div[1]/div[1]/div[2]
INFO main org.apache.log4j.Logger - Element found:By.xpath: .//*[@id='content-inner']/div[1]/div[1]/div[2]
INFO main org.apache.log4j.Logger - Mouse hove action succeeded!
INFO main org.apache.log4j.Logger - Element found:By.id: play_dropdown
INFO main org.apache.log4j.Logger - Element found:By.partialLinkText: Film megtekintse
INFO main org.apache.log4j.Logger - Element clicked on:[[ChromeDriver: chrome on MAC (553f6cd86aac04ef85e3d46e08c7b42a)] -> partial link text: Film megtekintse]
INFO main org.apache.log4j.Logger - Element found:By.id: playbackElapsedTime
INFO main org.apache.log4j.Logger - Script run: return jQuery(arguments[0]).text();
INFO main org.apache.log4j.Logger - Element found:By.id: playbackElapsedTime
INFO main org.apache.log4j.Logger - Script run: return jQuery(arguments[0]).text();
INFO main org.apache.log4j.Logger - Test Method resides in test.java.TestSingleContent
INFO main org.apache.log4j.Logger - Test Method had the following parameters :  content1 , 
INFO main org.apache.log4j.Logger - Test Status: Failed
INFO main org.apache.log4j.Logger - testPlaySingleContent test failed!
INFO main org.apache.log4j.Logger - Fuck
INFO main org.apache.log4j.Logger -  *** Capture files are created in /Users/georgegaspar/Documents/workspace/Selenium_Testlink/test-output/html/ScreenShots//
INFO main org.apache.log4j.Logger - CHROME-2015-4-25-3-56-33-776.png
INFO main org.apache.log4j.Logger - Driver closed afterInvocation
INFO main org.apache.log4j.Logger - Completed executing test Test on Chrome
